2020-07-14 12:48:06 [-][-][-][error][yii\db\Exception] PDOException: SQLSTATE[HY000]: General error: 2006 MySQL server has gone away in E:\Installed\OpenServer\domains\riddin.loc\vendor\yiisoft\yii2\db\Command.php:1293
Stack trace:
#0 E:\Installed\OpenServer\domains\riddin.loc\vendor\yiisoft\yii2\db\Command.php(1293): PDOStatement->execute()
#1 E:\Installed\OpenServer\domains\riddin.loc\vendor\yiisoft\yii2\db\Command.php(1093): yii\db\Command->internalExecute()
#2 E:\Installed\OpenServer\domains\riddin.loc\vendor\yiisoft\yii2\db\Migration.php(323): yii\db\Command->execute()
#3 E:\Installed\OpenServer\domains\riddin.loc\console\migrations\m130524_201442_init.php(15): yii\db\Migration->createTable()
#4 E:\Installed\OpenServer\domains\riddin.loc\vendor\yiisoft\yii2\console\controllers\BaseMigrateController.php(727): m130524_201442_init->up()
#5 E:\Installed\OpenServer\domains\riddin.loc\vendor\yiisoft\yii2\console\controllers\BaseMigrateController.php(202): yii\console\controllers\BaseMigrateController->migrateUp()
#6 [internal function]: yii\console\controllers\BaseMigrateController->actionUp()
#7 E:\Installed\OpenServer\domains\riddin.loc\vendor\yiisoft\yii2\base\InlineAction.php(57): call_user_func_array()
#8 E:\Installed\OpenServer\domains\riddin.loc\vendor\yiisoft\yii2\base\Controller.php(180): yii\base\InlineAction->runWithParams()
#9 E:\Installed\OpenServer\domains\riddin.loc\vendor\yiisoft\yii2\console\Controller.php(181): yii\base\Controller->runAction()
#10 E:\Installed\OpenServer\domains\riddin.loc\vendor\yiisoft\yii2\base\Module.php(528): yii\console\Controller->runAction()
#11 E:\Installed\OpenServer\domains\riddin.loc\vendor\yiisoft\yii2\console\Application.php(180): yii\base\Module->runAction()
#12 E:\Installed\OpenServer\domains\riddin.loc\vendor\yiisoft\yii2\console\Application.php(147): yii\console\Application->runAction()
#13 E:\Installed\OpenServer\domains\riddin.loc\vendor\yiisoft\yii2\base\Application.php(386): yii\console\Application->handleRequest()
#14 E:\Installed\OpenServer\domains\riddin.loc\yii(23): yii\base\Application->run()
#15 {main}

Next yii\db\Exception: SQLSTATE[HY000]: General error: 2006 MySQL server has gone away
The SQL being executed was: CREATE TABLE `user` (
	`id` int(11) NOT NULL AUTO_INCREMENT PRIMARY KEY,
	`username` varchar(255) NOT NULL UNIQUE,
	`auth_key` varchar(32) NOT NULL,
	`password_hash` varchar(255) NOT NULL,
	`password_reset_token` varchar(255) UNIQUE,
	`email` varchar(255) NOT NULL UNIQUE,
	`status` smallint(6) NOT NULL DEFAULT 10,
	`created_at` int(11) NOT NULL,
	`updated_at` int(11) NOT NULL
) CHARACTER SET utf8 COLLATE utf8_unicode_ci ENGINE=InnoDB in E:\Installed\OpenServer\domains\riddin.loc\vendor\yiisoft\yii2\db\Schema.php:677
Stack trace:
#0 E:\Installed\OpenServer\domains\riddin.loc\vendor\yiisoft\yii2\db\Command.php(1298): yii\db\Schema->convertException()
#1 E:\Installed\OpenServer\domains\riddin.loc\vendor\yiisoft\yii2\db\Command.php(1093): yii\db\Command->internalExecute()
#2 E:\Installed\OpenServer\domains\riddin.loc\vendor\yiisoft\yii2\db\Migration.php(323): yii\db\Command->execute()
#3 E:\Installed\OpenServer\domains\riddin.loc\console\migrations\m130524_201442_init.php(15): yii\db\Migration->createTable()
#4 E:\Installed\OpenServer\domains\riddin.loc\vendor\yiisoft\yii2\console\controllers\BaseMigrateController.php(727): m130524_201442_init->up()
#5 E:\Installed\OpenServer\domains\riddin.loc\vendor\yiisoft\yii2\console\controllers\BaseMigrateController.php(202): yii\console\controllers\BaseMigrateController->migrateUp()
#6 [internal function]: yii\console\controllers\BaseMigrateController->actionUp()
#7 E:\Installed\OpenServer\domains\riddin.loc\vendor\yiisoft\yii2\base\InlineAction.php(57): call_user_func_array()
#8 E:\Installed\OpenServer\domains\riddin.loc\vendor\yiisoft\yii2\base\Controller.php(180): yii\base\InlineAction->runWithParams()
#9 E:\Installed\OpenServer\domains\riddin.loc\vendor\yiisoft\yii2\console\Controller.php(181): yii\base\Controller->runAction()
#10 E:\Installed\OpenServer\domains\riddin.loc\vendor\yiisoft\yii2\base\Module.php(528): yii\console\Controller->runAction()
#11 E:\Installed\OpenServer\domains\riddin.loc\vendor\yiisoft\yii2\console\Application.php(180): yii\base\Module->runAction()
#12 E:\Installed\OpenServer\domains\riddin.loc\vendor\yiisoft\yii2\console\Application.php(147): yii\console\Application->runAction()
#13 E:\Installed\OpenServer\domains\riddin.loc\vendor\yiisoft\yii2\base\Application.php(386): yii\console\Application->handleRequest()
#14 E:\Installed\OpenServer\domains\riddin.loc\yii(23): yii\base\Application->run()
#15 {main}
Additional Information:
Array
(
    [0] => HY000
    [1] => 2006
    [2] => MySQL server has gone away
)

2020-07-14 12:44:07 [-][-][-][info][application] $_GET = []

$_POST = []

$_FILES = []

$_COOKIE = []

$_SERVER = [
    'FPS_BROWSER_APP_PROFILE_STRING' => 'Internet Explorer'
    'CommonProgramFiles' => 'C:\\Program Files\\Common Files'
    'PHP_COMMAND' => 'php.exe'
    'PROMPT' => '$P$G'
    'SESSIONNAME' => 'Console'
    'COMPUTERNAME' => 'DESKTOP-8QCE0DH'
    'MOZ_PLUGIN_PATH' => 'C:\\Program Files (x86)\\Foxit Software\\Foxit Reader\\plugins\\'
    'SystemDrive' => 'C:'
    'NUMBER_OF_PROCESSORS' => '4'
    'LOGONSERVER' => '\\\\DESKTOP-8QCE0DH'
    'TEMP' => 'C:\\Users\\ASUS\\AppData\\Local\\Temp'
    'TMP' => 'C:\\Users\\ASUS\\AppData\\Local\\Temp'
    'HOMEPATH' => '\\Users\\ASUS'
    'PATHEXT' => '.COM;.EXE;.BAT;.CMD;.VBS;.VBE;.JS;.JSE;.WSF;.WSH;.MSC'
    'IDEA_INITIAL_DIRECTORY' => 'C:\\Program Files\\JetBrains\\PhpStorm 2020.1.2\\bin'
    'USERNAME' => 'ASUS'
    'ProgramFiles' => 'C:\\Program Files'
    'USERDOMAIN_ROAMINGPROFILE' => 'DESKTOP-8QCE0DH'
    'CommonProgramFiles(x86)' => 'C:\\Program Files (x86)\\Common Files'
    'LOCALAPPDATA' => 'C:\\Users\\ASUS\\AppData\\Local'
    'TERMINAL_EMULATOR' => 'JetBrains-JediTerm'
    'PROCESSOR_IDENTIFIER' => 'Intel64 Family 6 Model 142 Stepping 9, GenuineIntel'
    'DriverData' => 'C:\\Windows\\System32\\Drivers\\DriverData'
    'APPDATA' => 'C:\\Users\\ASUS\\AppData\\Roaming'
    'ALLUSERSPROFILE' => 'C:\\ProgramData'
    'USERDOMAIN' => 'DESKTOP-8QCE0DH'
    'YII_PATH' => 'E:\\Installed\\OpenServer\\domains\\riddin.loc\\'
    '__INTELLIJ_COMMAND_HISTFILE__' => 'C:\\Users\\ASUS\\AppData\\Roaming\\JetBrains\\PhpStorm2020.1\\terminal\\history\\history-9'
    'PROCESSOR_LEVEL' => '6'
    'ProgramData' => 'C:\\ProgramData'
    'ComSpec' => 'C:\\Windows\\system32\\cmd.exe'
    'PROCESSOR_ARCHITECTURE' => 'AMD64'
    'FPS_BROWSER_USER_PROFILE_STRING' => 'Default'
    'SystemRoot' => 'C:\\Windows'
    'PhpStorm' => 'C:\\Program Files\\JetBrains\\PhpStorm 2020.1.2\\bin;'
    'PROCESSOR_REVISION' => '8e09'
    'OneDrive' => 'C:\\Users\\ASUS\\OneDrive'
    'PSModulePath' => 'C:\\Program Files\\WindowsPowerShell\\Modules;C:\\Windows\\system32\\WindowsPowerShell\\v1.0\\Modules'
    'Path' => 'C:\\Windows\\system32;C:\\Windows;C:\\Windows\\System32\\Wbem;C:\\Windows\\System32\\WindowsPowerShell\\v1.0\\;C:\\Windows\\System32\\OpenSSH\\;C:\\Program Files (x86)\\NVIDIA Corporation\\PhysX\\Common;C:\\Program Files\\Git\\cmd;C:\\Program Files\\NVIDIA Corporation\\NVIDIA NvDLISR;C:\\Program Files\\nodejs\\;C:\\Program Files (x86)\\Yarn\\bin\\;C:\\Program Files\\CMake\\bin\\;C:\\composer;C:\\Users\\ASUS\\AppData\\Local\\Microsoft\\WindowsApps;C:\\Users\\ASUS\\AppData\\Local\\Programs\\Microsoft VS Code\\bin;C:\\Users\\ASUS\\AppData\\Roaming\\npm;C:\\Users\\ASUS\\AppData\\Local\\Yarn\\bin;c:\\Program Files\\CMake\\bin\\;C:\\Program Files\\JetBrains\\PhpStorm 2020.1.2\\bin;;E:\\Installed\\OpenServer\\modules\\php\\PHP_7.4;C:\\Users\\ASUS\\AppData\\Roaming\\Composer\\vendor\\bin;'
    'ProgramFiles(x86)' => 'C:\\Program Files (x86)'
    'USERPROFILE' => 'C:\\Users\\ASUS'
    'windir' => 'C:\\Windows'
    'ProgramW6432' => 'C:\\Program Files'
    'OS' => 'Windows_NT'
    'PUBLIC' => 'C:\\Users\\Public'
    'HOMEDRIVE' => 'C:'
    'CommonProgramW6432' => 'C:\\Program Files\\Common Files'
    'PHP_SELF' => 'E:\\Installed\\OpenServer\\domains\\riddin.loc\\yii'
    'SCRIPT_NAME' => 'E:\\Installed\\OpenServer\\domains\\riddin.loc\\yii'
    'SCRIPT_FILENAME' => 'E:\\Installed\\OpenServer\\domains\\riddin.loc\\yii'
    'PATH_TRANSLATED' => 'E:\\Installed\\OpenServer\\domains\\riddin.loc\\yii'
    'DOCUMENT_ROOT' => ''
    'REQUEST_TIME_FLOAT' => 1594719847.7142
    'REQUEST_TIME' => 1594719847
    'argv' => [
        0 => 'E:\\Installed\\OpenServer\\domains\\riddin.loc\\yii'
        1 => 'migrate'
    ]
    'argc' => 2
]
